<?xml version="1.0" encoding="UTF-8"?>
<!-- Generated by org.testng.reporters.JUnitReportReporter -->
<testsuite hostname="DESKTOP-H04GFR6" failures="0" tests="1" name="apiTesting.GoogleMapsApi" time="2.534" errors="0" timestamp="2023-10-11T11:45:03 IST" skipped="0">
  <testcase classname="apiTesting.GoogleMapsApi" name="AddPlaceStaticJson" time="2.534"/>
</testsuite> <!-- apiTesting.GoogleMapsApi -->
