<?xml version="1.0" encoding="UTF-8"?>
<!-- Generated by org.testng.reporters.JUnitReportReporter -->
<testsuite hostname="DESKTOP-H04GFR6" failures="0" tests="10" name="apiTesting.LibraryApi" time="10.148" errors="0" timestamp="2023-10-06T15:55:49 IST" skipped="0">
  <testcase classname="apiTesting.LibraryApi" name="DynamicJson" time="0.466"/>
  <testcase classname="apiTesting.LibraryApi" name="DynamicJson" time="3.037"/>
  <testcase classname="apiTesting.LibraryApi" name="DynamicJson" time="0.583"/>
  <testcase classname="apiTesting.LibraryApi" name="DynamicJson" time="0.509"/>
  <testcase classname="apiTesting.LibraryApi" name="DynamicJson" time="1.262"/>
  <testcase classname="apiTesting.LibraryApi" name="DynamicJson" time="0.463"/>
  <testcase classname="apiTesting.LibraryApi" name="DynamicJson" time="1.425"/>
  <testcase classname="apiTesting.LibraryApi" name="DynamicJson" time="0.944"/>
  <testcase classname="apiTesting.LibraryApi" name="DynamicJson" time="0.490"/>
  <testcase classname="apiTesting.LibraryApi" name="DynamicJson" time="0.969"/>
</testsuite> <!-- apiTesting.LibraryApi -->
