<?xml version="1.0" encoding="UTF-8"?>
<!-- Generated by org.testng.reporters.JUnitReportReporter -->
<testsuite hostname="DESKTOP-H04GFR6" failures="0" tests="1" name="apiTesting.ApiTest1" time="1.403" errors="0" timestamp="2023-09-26T16:32:13 IST" skipped="0">
  <testcase classname="apiTesting.ApiTest1" name="Test1" time="1.403"/>
</testsuite> <!-- apiTesting.ApiTest1 -->
