<?xml version="1.0" encoding="UTF-8"?>
<!-- Generated by org.testng.reporters.JUnitReportReporter -->
<testsuite hostname="DESKTOP-H04GFR6" failures="0" tests="1" name="apiTesting.GoogleMapsApi" time="4.040" errors="0" timestamp="2023-09-26T10:11:47 IST" skipped="0">
  <testcase classname="apiTesting.GoogleMapsApi" name="AddPlace" time="4.040"/>
</testsuite> <!-- apiTesting.GoogleMapsApi -->
